#
# There is insufficient memory for the Java Runtime Environment to continue.
# Native memory allocation (malloc) failed to allocate 1091568 bytes. Error detail: Chunk::new
# Possible reasons:
#   The system is out of physical RAM or swap space
#   This process is running with CompressedOops enabled, and the Java Heap may be blocking the growth of the native heap
# Possible solutions:
#   Reduce memory load on the system
#   Increase physical memory or swap space
#   Check if swap backing store is full
#   Decrease Java heap size (-Xmx/-Xms)
#   Decrease number of Java threads
#   Decrease Java thread stack sizes (-Xss)
#   Set larger code cache with -XX:ReservedCodeCacheSize=
#   JVM is running with Unscaled Compressed Oops mode in which the Java heap is
#     placed in the first 4GB address space. The Java Heap base address is the
#     maximum limit for the native heap growth. Please use -XX:HeapBaseMinAddress
#     to set the Java Heap base and to place the Java Heap above 4GB virtual address.
# This output file may be truncated or incomplete.
#
#  Out of Memory Error (arena.cpp:168), pid=5252, tid=14340
#
# JRE version: OpenJDK Runtime Environment Temurin-21.0.7+6 (21.0.7+6) (build 21.0.7+6-LTS)
# Java VM: OpenJDK 64-Bit Server VM Temurin-21.0.7+6 (21.0.7+6-LTS, mixed mode, sharing, tiered, compressed oops, compressed class ptrs, parallel gc, windows-amd64)
# No core dump will be written. Minidumps are not enabled by default on client versions of Windows
#

---------------  S U M M A R Y ------------

Command Line: --add-modules=ALL-SYSTEM --add-opens=java.base/java.util=ALL-UNNAMED --add-opens=java.base/java.lang=ALL-UNNAMED --add-opens=java.base/sun.nio.fs=ALL-UNNAMED -Declipse.application=org.eclipse.jdt.ls.core.id1 -Dosgi.bundles.defaultStartLevel=4 -Declipse.product=org.eclipse.jdt.ls.core.product -Djava.import.generatesMetadataFilesAtProjectRoot=false -DDetectVMInstallationsJob.disabled=true -Dfile.encoding=utf8 -XX:+UseParallelGC -XX:GCTimeRatio=4 -XX:AdaptiveSizePolicyWeight=90 -Dsun.zip.disableMemoryMapping=true -Xmx2G -Xms100m -Xlog:disable -javaagent:c:\Users\jaywa\.vscode\extensions\redhat.java-1.43.1-win32-x64\lombok\lombok-1.18.39-4050.jar c:\Users\jaywa\.vscode\extensions\redhat.java-1.43.1-win32-x64\server\plugins\org.eclipse.equinox.launcher_1.7.0.v20250519-0528.jar -configuration c:\Users\jaywa\AppData\Roaming\Code\User\globalStorage\redhat.java\1.43.1\config_ss_win -data c:\Users\jaywa\AppData\Roaming\Code\User\workspaceStorage\941e525438b40ac49e461c5fff333984\redhat.java\ss_ws --pipe=\\.\pipe\lsp-1a9c028910ad55383529606ce45f006a-sock

Host: AMD Ryzen 5 5600H with Radeon Graphics         , 12 cores, 7G,  Windows 11 , 64 bit Build 26100 (10.0.26100.4202)
Time: Wed Jul  9 16:41:23 2025 India Standard Time elapsed time: 6.164102 seconds (0d 0h 0m 6s)

---------------  T H R E A D  ---------------

Current thread (0x000001ff84031800):  JavaThread "C2 CompilerThread0" daemon [_thread_in_native, id=14340, stack(0x0000008c7f500000,0x0000008c7f600000) (1024K)]


Current CompileTask:
C2:6164 4794 %     4       org.lombokweb.asm.SymbolTable::<init> @ 98 (554 bytes)

Stack: [0x0000008c7f500000,0x0000008c7f600000]
Native frames: (J=compiled Java code, j=interpreted, Vv=VM code, C=native code)
V  [jvm.dll+0x6ce119]
V  [jvm.dll+0x8a84a1]
V  [jvm.dll+0x8aa9ce]
V  [jvm.dll+0x8ab0b3]
V  [jvm.dll+0x27f8a6]
V  [jvm.dll+0xc507d]
V  [jvm.dll+0xc55b3]
V  [jvm.dll+0x3b692c]
V  [jvm.dll+0x1e0029]
V  [jvm.dll+0x247c42]
V  [jvm.dll+0x2470cf]
V  [jvm.dll+0x1c760e]
V  [jvm.dll+0x25695a]
V  [jvm.dll+0x254efa]
V  [jvm.dll+0x3f03f6]
V  [jvm.dll+0x851f6b]
V  [jvm.dll+0x6cc7dd]
C  [ucrtbase.dll+0x37b0]
C  [KERNEL32.DLL+0x2e8d7]
C  [ntdll.dll+0x3c34c]


---------------  P R O C E S S  ---------------

Threads class SMR info:
_java_thread_list=0x000001ff86f7d580, length=38, elements={
0x000001ffa1ee9080, 0x000001ff840144b0, 0x000001ff84015f10, 0x000001ff840189c0,
0x000001ff84019610, 0x000001ff8401e490, 0x000001ff84024250, 0x000001ff84031800,
0x000001ff84036c90, 0x000001ff8411bc50, 0x000001ff84118e60, 0x000001ff84119b80,
0x000001ff8411b5c0, 0x000001ff841194f0, 0x000001ff8411c2e0, 0x000001ff8411a8a0,
0x000001ff8411af30, 0x000001ff850af130, 0x000001ff850add80, 0x000001ff850b04e0,
0x000001ff850ae410, 0x000001ff850ad6f0, 0x000001ff850af7c0, 0x000001ff850aeaa0,
0x000001ff850afe50, 0x000001ff850ad060, 0x000001ff850b3960, 0x000001ff850b3ff0,
0x000001ff850b32d0, 0x000001ff850b1890, 0x000001ff850b0b70, 0x000001ff850b4680,
0x000001ff850b1f20, 0x000001ff850b1200, 0x000001ff850b25b0, 0x000001ff850b2c40,
0x000001ff851a85c0, 0x000001ff851a8c50
}

Java Threads: ( => current thread )
  0x000001ffa1ee9080 JavaThread "main"                              [_thread_blocked, id=27740, stack(0x0000008c7eb00000,0x0000008c7ec00000) (1024K)]
  0x000001ff840144b0 JavaThread "Reference Handler"          daemon [_thread_blocked, id=24128, stack(0x0000008c7ef00000,0x0000008c7f000000) (1024K)]
  0x000001ff84015f10 JavaThread "Finalizer"                  daemon [_thread_blocked, id=11256, stack(0x0000008c7f000000,0x0000008c7f100000) (1024K)]
  0x000001ff840189c0 JavaThread "Signal Dispatcher"          daemon [_thread_blocked, id=8216, stack(0x0000008c7f100000,0x0000008c7f200000) (1024K)]
  0x000001ff84019610 JavaThread "Attach Listener"            daemon [_thread_blocked, id=21288, stack(0x0000008c7f200000,0x0000008c7f300000) (1024K)]
  0x000001ff8401e490 JavaThread "Service Thread"             daemon [_thread_blocked, id=21140, stack(0x0000008c7f300000,0x0000008c7f400000) (1024K)]
  0x000001ff84024250 JavaThread "Monitor Deflation Thread"   daemon [_thread_blocked, id=26180, stack(0x0000008c7f400000,0x0000008c7f500000) (1024K)]
=>0x000001ff84031800 JavaThread "C2 CompilerThread0"         daemon [_thread_in_native, id=14340, stack(0x0000008c7f500000,0x0000008c7f600000) (1024K)]
  0x000001ff84036c90 JavaThread "C1 CompilerThread0"         daemon [_thread_blocked, id=11464, stack(0x0000008c7f600000,0x0000008c7f700000) (1024K)]
  0x000001ff8411bc50 JavaThread "Common-Cleaner"             daemon [_thread_blocked, id=31644, stack(0x0000008c7f700000,0x0000008c7f800000) (1024K)]
  0x000001ff84118e60 JavaThread "Notification Thread"        daemon [_thread_blocked, id=27988, stack(0x0000008c7f800000,0x0000008c7f900000) (1024K)]
  0x000001ff84119b80 JavaThread "Active Thread: Equinox Container: b658de08-21c4-4165-9b1d-2834539387f0"        [_thread_blocked, id=3312, stack(0x0000008c7ff00000,0x0000008c80000000) (1024K)]
  0x000001ff8411b5c0 JavaThread "Framework Event Dispatcher: Equinox Container: b658de08-21c4-4165-9b1d-2834539387f0" daemon [_thread_blocked, id=9908, stack(0x0000008c00000000,0x0000008c00100000) (1024K)]
  0x000001ff841194f0 JavaThread "Start Level: Equinox Container: b658de08-21c4-4165-9b1d-2834539387f0" daemon [_thread_blocked, id=32496, stack(0x0000008c00100000,0x0000008c00200000) (1024K)]
  0x000001ff8411c2e0 JavaThread "SCR Component Actor"        daemon [_thread_blocked, id=24908, stack(0x0000008c00300000,0x0000008c00400000) (1024K)]
  0x000001ff8411a8a0 JavaThread "Worker-JM"                         [_thread_blocked, id=19968, stack(0x0000008c00500000,0x0000008c00600000) (1024K)]
  0x000001ff8411af30 JavaThread "JNA Cleaner"                daemon [_thread_blocked, id=22076, stack(0x0000008c00800000,0x0000008c00900000) (1024K)]
  0x000001ff850af130 JavaThread "Worker-0"                          [_thread_blocked, id=5504, stack(0x0000008c00900000,0x0000008c00a00000) (1024K)]
  0x000001ff850add80 JavaThread "Worker-1"                          [_thread_blocked, id=19164, stack(0x0000008c00a00000,0x0000008c00b00000) (1024K)]
  0x000001ff850b04e0 JavaThread "Thread-2"                   daemon [_thread_in_native, id=26708, stack(0x0000008c00e00000,0x0000008c00f00000) (1024K)]
  0x000001ff850ae410 JavaThread "Thread-3"                   daemon [_thread_in_native, id=19560, stack(0x0000008c00f00000,0x0000008c01000000) (1024K)]
  0x000001ff850ad6f0 JavaThread "Thread-4"                   daemon [_thread_in_native, id=9048, stack(0x0000008c01000000,0x0000008c01100000) (1024K)]
  0x000001ff850af7c0 JavaThread "Thread-5"                   daemon [_thread_in_native, id=30580, stack(0x0000008c01100000,0x0000008c01200000) (1024K)]
  0x000001ff850aeaa0 JavaThread "Thread-6"                   daemon [_thread_in_native, id=25576, stack(0x0000008c01200000,0x0000008c01300000) (1024K)]
  0x000001ff850afe50 JavaThread "Thread-7"                   daemon [_thread_in_native, id=1932, stack(0x0000008c01300000,0x0000008c01400000) (1024K)]
  0x000001ff850ad060 JavaThread "Thread-8"                   daemon [_thread_in_native, id=19520, stack(0x0000008c01400000,0x0000008c01500000) (1024K)]
  0x000001ff850b3960 JavaThread "Thread-9"                   daemon [_thread_in_native, id=30044, stack(0x0000008c01500000,0x0000008c01600000) (1024K)]
  0x000001ff850b3ff0 JavaThread "Thread-10"                  daemon [_thread_in_native, id=26140, stack(0x0000008c01600000,0x0000008c01700000) (1024K)]
  0x000001ff850b32d0 JavaThread "Thread-11"                  daemon [_thread_in_native, id=14448, stack(0x0000008c01700000,0x0000008c01800000) (1024K)]
  0x000001ff850b1890 JavaThread "Thread-12"                  daemon [_thread_in_native, id=19320, stack(0x0000008c01800000,0x0000008c01900000) (1024K)]
  0x000001ff850b0b70 JavaThread "Thread-13"                  daemon [_thread_in_native, id=11764, stack(0x0000008c01900000,0x0000008c01a00000) (1024K)]
  0x000001ff850b4680 JavaThread "Thread-14"                  daemon [_thread_in_native, id=29260, stack(0x0000008c01a00000,0x0000008c01b00000) (1024K)]
  0x000001ff850b1f20 JavaThread "pool-2-thread-1"                   [_thread_blocked, id=12436, stack(0x0000008c01b00000,0x0000008c01c00000) (1024K)]
  0x000001ff850b1200 JavaThread "Worker-2"                          [_thread_blocked, id=12220, stack(0x0000008c01c00000,0x0000008c01d00000) (1024K)]
  0x000001ff850b25b0 JavaThread "WorkspaceEventsHandler"            [_thread_blocked, id=22976, stack(0x0000008c01d00000,0x0000008c01e00000) (1024K)]
  0x000001ff850b2c40 JavaThread "pool-1-thread-1"                   [_thread_in_native, id=22816, stack(0x0000008c01e00000,0x0000008c01f00000) (1024K)]
  0x000001ff851a85c0 JavaThread "ForkJoinPool.commonPool-worker-1" daemon [_thread_blocked, id=14288, stack(0x0000008c01f00000,0x0000008c02000000) (1024K)]
  0x000001ff851a8c50 JavaThread "ForkJoinPool.commonPool-worker-2" daemon [_thread_blocked, id=2152, stack(0x0000008c02000000,0x0000008c02100000) (1024K)]
Total: 38

Other Threads:
  0x000001ffb8974930 VMThread "VM Thread"                           [id=19992, stack(0x0000008c7ee00000,0x0000008c7ef00000) (1024K)]
  0x000001ffb886ca00 WatcherThread "VM Periodic Task Thread"        [id=13776, stack(0x0000008c7ed00000,0x0000008c7ee00000) (1024K)]
  0x000001ffa1f083d0 WorkerThread "GC Thread#0"                     [id=4248, stack(0x0000008c7ec00000,0x0000008c7ed00000) (1024K)]
  0x000001ff8456e7e0 WorkerThread "GC Thread#1"                     [id=20852, stack(0x0000008c7f900000,0x0000008c7fa00000) (1024K)]
  0x000001ff845ce680 WorkerThread "GC Thread#2"                     [id=26740, stack(0x0000008c7fa00000,0x0000008c7fb00000) (1024K)]
  0x000001ff845667a0 WorkerThread "GC Thread#3"                     [id=21356, stack(0x0000008c7fb00000,0x0000008c7fc00000) (1024K)]
  0x000001ff84566b40 WorkerThread "GC Thread#4"                     [id=28560, stack(0x0000008c7fc00000,0x0000008c7fd00000) (1024K)]
  0x000001ff846e4070 WorkerThread "GC Thread#5"                     [id=17776, stack(0x0000008c7fd00000,0x0000008c7fe00000) (1024K)]
  0x000001ff846e4a20 WorkerThread "GC Thread#6"                     [id=9388, stack(0x0000008c7fe00000,0x0000008c7ff00000) (1024K)]
  0x000001ff847a5a30 WorkerThread "GC Thread#7"                     [id=24628, stack(0x0000008c00200000,0x0000008c00300000) (1024K)]
  0x000001ff84e58ba0 WorkerThread "GC Thread#8"                     [id=792, stack(0x0000008c00600000,0x0000008c00700000) (1024K)]
  0x000001ff84e59dc0 WorkerThread "GC Thread#9"                     [id=5848, stack(0x0000008c00700000,0x0000008c00800000) (1024K)]
Total: 12

Threads with active compile tasks:
C2 CompilerThread0  7183 4794 %     4       org.lombokweb.asm.SymbolTable::<init> @ 98 (554 bytes)
Total: 1

VM state: not at safepoint (normal execution)

VM Mutex/Monitor currently owned by a thread: None

Heap address: 0x0000000080000000, size: 2048 MB, Compressed Oops mode: 32-bit

CDS archive(s) mapped at: [0x000001ffb9000000-0x000001ffb9ba0000-0x000001ffb9ba0000), size 12189696, SharedBaseAddress: 0x000001ffb9000000, ArchiveRelocationMode: 1.
Compressed class space mapped at: 0x000001ffba000000-0x000001fffa000000, reserved size: 1073741824
Narrow klass base: 0x000001ffb9000000, Narrow klass shift: 0, Narrow klass range: 0x100000000

GC Precious Log:
 CardTable entry size: 512
 CPUs: 12 total, 12 available
 Memory: 7521M
 Large Page Support: Disabled
 NUMA Support: Disabled
 Compressed Oops: Enabled (32-bit)
 Alignments: Space 512K, Generation 512K, Heap 2M
 Heap Min Capacity: 100M
 Heap Initial Capacity: 100M
 Heap Max Capacity: 2G
 Pre-touch: Disabled
 Parallel Workers: 10

Heap:
 PSYoungGen      total 22528K, used 16523K [0x00000000d5580000, 0x00000000d6d00000, 0x0000000100000000)
  eden space 21504K, 73% used [0x00000000d5580000,0x00000000d64fa288,0x00000000d6a80000)
  from space 1024K, 65% used [0x00000000d6c00000,0x00000000d6ca8b28,0x00000000d6d00000)
  to   space 1024K, 0% used [0x00000000d6b00000,0x00000000d6b00000,0x00000000d6c00000)
 ParOldGen       total 68608K, used 29393K [0x0000000080000000, 0x0000000084300000, 0x00000000d5580000)
  object space 68608K, 42% used [0x0000000080000000,0x0000000081cb44b0,0x0000000084300000)
 Metaspace       used 37289K, committed 38336K, reserved 1114112K
  class space    used 3692K, committed 4160K, reserved 1048576K

Card table byte_map: [0x000001ffa1890000,0x000001ffa1ca0000] _byte_map_base: 0x000001ffa1490000

Marking Bits: (ParMarkBitMap*) 0x00007ff9cd6831f0
 Begin Bits: [0x000001ffb4390000, 0x000001ffb6390000)
 End Bits:   [0x000001ffb6390000, 0x000001ffb8390000)

Polling page: 0x000001ffa1550000

Metaspace:

Usage:
  Non-class:     32.81 MB used.
      Class:      3.61 MB used.
       Both:     36.42 MB used.

Virtual space:
  Non-class space:       64.00 MB reserved,      33.38 MB ( 52%) committed,  1 nodes.
      Class space:        1.00 GB reserved,       4.06 MB ( <1%) committed,  1 nodes.
             Both:        1.06 GB reserved,      37.44 MB (  3%) committed. 

Chunk freelists:
   Non-Class:  14.28 MB
       Class:  11.98 MB
        Both:  26.27 MB

MaxMetaspaceSize: unlimited
CompressedClassSpaceSize: 1.00 GB
Initial GC threshold: 21.00 MB
Current GC threshold: 58.38 MB
CDS: on
 - commit_granule_bytes: 65536.
 - commit_granule_words: 8192.
 - virtual_space_node_default_size: 8388608.
 - enlarge_chunks_in_place: 1.
 - use_allocation_guard: 0.


Internal statistics:

num_allocs_failed_limit: 6.
num_arena_births: 788.
num_arena_deaths: 82.
num_vsnodes_births: 2.
num_vsnodes_deaths: 0.
num_space_committed: 599.
num_space_uncommitted: 0.
num_chunks_returned_to_freelist: 110.
num_chunks_taken_from_freelist: 2367.
num_chunk_merges: 31.
num_chunk_splits: 1488.
num_chunks_enlarged: 934.
num_inconsistent_stats: 0.

CodeHeap 'non-profiled nmethods': size=120000Kb used=2217Kb max_used=2323Kb free=117782Kb
 bounds [0x000001ffacbb0000, 0x000001fface20000, 0x000001ffb40e0000]
CodeHeap 'profiled nmethods': size=120000Kb used=9267Kb max_used=9582Kb free=110732Kb
 bounds [0x000001ffa50e0000, 0x000001ffa5a60000, 0x000001ffac610000]
CodeHeap 'non-nmethods': size=5760Kb used=1375Kb max_used=1414Kb free=4385Kb
 bounds [0x000001ffac610000, 0x000001ffac880000, 0x000001ffacbb0000]
 total_blobs=5131 nmethods=4458 adapters=579
 compilation: enabled
              stopped_count=0, restarted_count=0
 full_count=0

Compilation events (20 events):
Event: 5.117 Thread 0x000001ff84036c90 4820       3       org.lombokweb.asm.Handler::putExceptionTable (63 bytes)
Event: 5.117 Thread 0x000001ff84036c90 nmethod 4820 0x000001ffa53d3490 code [0x000001ffa53d36a0, 0x000001ffa53d3ae0]
Event: 5.118 Thread 0x000001ff84036c90 4821       3       lombok.patcher.MethodTarget::descriptorMatch (119 bytes)
Event: 5.118 Thread 0x000001ff84036c90 nmethod 4821 0x000001ffa531b810 code [0x000001ffa531bae0, 0x000001ffa531c8f8]
Event: 5.120 Thread 0x000001ff84036c90 4822       3       org.lombokweb.asm.MethodWriter::visitIntInsn (113 bytes)
Event: 5.121 Thread 0x000001ff84036c90 nmethod 4822 0x000001ffa53d7210 code [0x000001ffa53d7400, 0x000001ffa53d7850]
Event: 5.121 Thread 0x000001ff84036c90 4823       3       org.lombokweb.asm.MethodVisitor::visitIntInsn (17 bytes)
Event: 5.121 Thread 0x000001ff84036c90 nmethod 4823 0x000001ffa5281110 code [0x000001ffa52812c0, 0x000001ffa52814c8]
Event: 5.124 Thread 0x000001ff84036c90 4824 %     3       org.lombokweb.asm.ClassReader::getFirstAttributeOffset @ 85 (136 bytes)
Event: 5.124 Thread 0x000001ff84036c90 nmethod 4824% 0x000001ffa50fd090 code [0x000001ffa50fd2e0, 0x000001ffa50fda20]
Event: 5.126 Thread 0x000001ff84036c90 4826       3       lombok.patcher.MethodLogistics::sizeOf (46 bytes)
Event: 5.126 Thread 0x000001ff84036c90 nmethod 4826 0x000001ffa5168b10 code [0x000001ffa5168d20, 0x000001ffa5169360]
Event: 5.129 Thread 0x000001ff84036c90 4828       2       org.lombokweb.asm.MethodVisitor::visitCode (15 bytes)
Event: 5.129 Thread 0x000001ff84036c90 nmethod 4828 0x000001ffa53dc110 code [0x000001ffa53dc2c0, 0x000001ffa53dc400]
Event: 5.129 Thread 0x000001ff84036c90 4829       2       org.lombokweb.asm.MethodVisitor::visitMaxs (17 bytes)
Event: 5.129 Thread 0x000001ff84036c90 nmethod 4829 0x000001ffa5510010 code [0x000001ffa55101c0, 0x000001ffa5510300]
Event: 5.129 Thread 0x000001ff84036c90 4830       2       org.lombokweb.asm.MethodVisitor::visitEnd (15 bytes)
Event: 5.129 Thread 0x000001ff84036c90 nmethod 4830 0x000001ffa528a510 code [0x000001ffa528a6c0, 0x000001ffa528a800]
Event: 5.132 Thread 0x000001ff84036c90 4832       2       org.lombokweb.asm.ByteVector::put122 (93 bytes)
Event: 5.132 Thread 0x000001ff84036c90 nmethod 4832 0x000001ffa520cc10 code [0x000001ffa520cdc0, 0x000001ffa520cff8]

GC Heap History (20 events):
Event: 3.584 GC heap before
{Heap before GC invocations=13 (full 1):
 PSYoungGen      total 25088K, used 24736K [0x00000000d5580000, 0x00000000d7180000, 0x0000000100000000)
  eden space 22528K, 100% used [0x00000000d5580000,0x00000000d6b80000,0x00000000d6b80000)
  from space 2560K, 86% used [0x00000000d6d00000,0x00000000d6f28010,0x00000000d6f80000)
  to   space 2048K, 0% used [0x00000000d6f80000,0x00000000d6f80000,0x00000000d7180000)
 ParOldGen       total 68608K, used 16178K [0x0000000080000000, 0x0000000084300000, 0x00000000d5580000)
  object space 68608K, 23% used [0x0000000080000000,0x0000000080fcc950,0x0000000084300000)
 Metaspace       used 32025K, committed 33024K, reserved 1114112K
  class space    used 3189K, committed 3648K, reserved 1048576K
}
Event: 3.589 GC heap after
{Heap after GC invocations=13 (full 1):
 PSYoungGen      total 23552K, used 2018K [0x00000000d5580000, 0x00000000d7500000, 0x0000000100000000)
  eden space 21504K, 0% used [0x00000000d5580000,0x00000000d5580000,0x00000000d6a80000)
  from space 2048K, 98% used [0x00000000d6f80000,0x00000000d7178820,0x00000000d7180000)
  to   space 5120K, 0% used [0x00000000d6a80000,0x00000000d6a80000,0x00000000d6f80000)
 ParOldGen       total 68608K, used 18682K [0x0000000080000000, 0x0000000084300000, 0x00000000d5580000)
  object space 68608K, 27% used [0x0000000080000000,0x000000008123e990,0x0000000084300000)
 Metaspace       used 32025K, committed 33024K, reserved 1114112K
  class space    used 3189K, committed 3648K, reserved 1048576K
}
Event: 3.635 GC heap before
{Heap before GC invocations=14 (full 1):
 PSYoungGen      total 23552K, used 23522K [0x00000000d5580000, 0x00000000d7500000, 0x0000000100000000)
  eden space 21504K, 100% used [0x00000000d5580000,0x00000000d6a80000,0x00000000d6a80000)
  from space 2048K, 98% used [0x00000000d6f80000,0x00000000d7178820,0x00000000d7180000)
  to   space 5120K, 0% used [0x00000000d6a80000,0x00000000d6a80000,0x00000000d6f80000)
 ParOldGen       total 68608K, used 18682K [0x0000000080000000, 0x0000000084300000, 0x00000000d5580000)
  object space 68608K, 27% used [0x0000000080000000,0x000000008123e990,0x0000000084300000)
 Metaspace       used 32070K, committed 33088K, reserved 1114112K
  class space    used 3190K, committed 3648K, reserved 1048576K
}
Event: 3.638 GC heap after
{Heap after GC invocations=14 (full 1):
 PSYoungGen      total 24064K, used 2144K [0x00000000d5580000, 0x00000000d7080000, 0x0000000100000000)
  eden space 21504K, 0% used [0x00000000d5580000,0x00000000d5580000,0x00000000d6a80000)
  from space 2560K, 83% used [0x00000000d6a80000,0x00000000d6c98000,0x00000000d6d00000)
  to   space 3072K, 0% used [0x00000000d6d80000,0x00000000d6d80000,0x00000000d7080000)
 ParOldGen       total 68608K, used 20673K [0x0000000080000000, 0x0000000084300000, 0x00000000d5580000)
  object space 68608K, 30% used [0x0000000080000000,0x0000000081430630,0x0000000084300000)
 Metaspace       used 32070K, committed 33088K, reserved 1114112K
  class space    used 3190K, committed 3648K, reserved 1048576K
}
Event: 3.697 GC heap before
{Heap before GC invocations=15 (full 1):
 PSYoungGen      total 24064K, used 23648K [0x00000000d5580000, 0x00000000d7080000, 0x0000000100000000)
  eden space 21504K, 100% used [0x00000000d5580000,0x00000000d6a80000,0x00000000d6a80000)
  from space 2560K, 83% used [0x00000000d6a80000,0x00000000d6c98000,0x00000000d6d00000)
  to   space 3072K, 0% used [0x00000000d6d80000,0x00000000d6d80000,0x00000000d7080000)
 ParOldGen       total 68608K, used 20673K [0x0000000080000000, 0x0000000084300000, 0x00000000d5580000)
  object space 68608K, 30% used [0x0000000080000000,0x0000000081430630,0x0000000084300000)
 Metaspace       used 32080K, committed 33088K, reserved 1114112K
  class space    used 3190K, committed 3648K, reserved 1048576K
}
Event: 3.701 GC heap after
{Heap after GC invocations=15 (full 1):
 PSYoungGen      total 24064K, used 2212K [0x00000000d5580000, 0x00000000d7000000, 0x0000000100000000)
  eden space 21504K, 0% used [0x00000000d5580000,0x00000000d5580000,0x00000000d6a80000)
  from space 2560K, 86% used [0x00000000d6d80000,0x00000000d6fa9000,0x00000000d7000000)
  to   space 2560K, 0% used [0x00000000d6a80000,0x00000000d6a80000,0x00000000d6d00000)
 ParOldGen       total 68608K, used 22639K [0x0000000080000000, 0x0000000084300000, 0x00000000d5580000)
  object space 68608K, 32% used [0x0000000080000000,0x000000008161bfe0,0x0000000084300000)
 Metaspace       used 32080K, committed 33088K, reserved 1114112K
  class space    used 3190K, committed 3648K, reserved 1048576K
}
Event: 3.775 GC heap before
{Heap before GC invocations=16 (full 1):
 PSYoungGen      total 24064K, used 23716K [0x00000000d5580000, 0x00000000d7000000, 0x0000000100000000)
  eden space 21504K, 100% used [0x00000000d5580000,0x00000000d6a80000,0x00000000d6a80000)
  from space 2560K, 86% used [0x00000000d6d80000,0x00000000d6fa9000,0x00000000d7000000)
  to   space 2560K, 0% used [0x00000000d6a80000,0x00000000d6a80000,0x00000000d6d00000)
 ParOldGen       total 68608K, used 22639K [0x0000000080000000, 0x0000000084300000, 0x00000000d5580000)
  object space 68608K, 32% used [0x0000000080000000,0x000000008161bfe0,0x0000000084300000)
 Metaspace       used 32176K, committed 33216K, reserved 1114112K
  class space    used 3192K, committed 3648K, reserved 1048576K
}
Event: 3.780 GC heap after
{Heap after GC invocations=16 (full 1):
 PSYoungGen      total 24064K, used 2240K [0x00000000d5580000, 0x00000000d6f80000, 0x0000000100000000)
  eden space 21504K, 0% used [0x00000000d5580000,0x00000000d5580000,0x00000000d6a80000)
  from space 2560K, 87% used [0x00000000d6a80000,0x00000000d6cb0010,0x00000000d6d00000)
  to   space 2560K, 0% used [0x00000000d6d00000,0x00000000d6d00000,0x00000000d6f80000)
 ParOldGen       total 68608K, used 24683K [0x0000000080000000, 0x0000000084300000, 0x00000000d5580000)
  object space 68608K, 35% used [0x0000000080000000,0x000000008181af10,0x0000000084300000)
 Metaspace       used 32176K, committed 33216K, reserved 1114112K
  class space    used 3192K, committed 3648K, reserved 1048576K
}
Event: 3.867 GC heap before
{Heap before GC invocations=17 (full 1):
 PSYoungGen      total 24064K, used 23744K [0x00000000d5580000, 0x00000000d6f80000, 0x0000000100000000)
  eden space 21504K, 100% used [0x00000000d5580000,0x00000000d6a80000,0x00000000d6a80000)
  from space 2560K, 87% used [0x00000000d6a80000,0x00000000d6cb0010,0x00000000d6d00000)
  to   space 2560K, 0% used [0x00000000d6d00000,0x00000000d6d00000,0x00000000d6f80000)
 ParOldGen       total 68608K, used 24683K [0x0000000080000000, 0x0000000084300000, 0x00000000d5580000)
  object space 68608K, 35% used [0x0000000080000000,0x000000008181af10,0x0000000084300000)
 Metaspace       used 32292K, committed 33344K, reserved 1114112K
  class space    used 3194K, committed 3648K, reserved 1048576K
}
Event: 3.872 GC heap after
{Heap after GC invocations=17 (full 1):
 PSYoungGen      total 24064K, used 2040K [0x00000000d5580000, 0x00000000d6f80000, 0x0000000100000000)
  eden space 21504K, 0% used [0x00000000d5580000,0x00000000d5580000,0x00000000d6a80000)
  from space 2560K, 79% used [0x00000000d6d00000,0x00000000d6efe200,0x00000000d6f80000)
  to   space 2560K, 0% used [0x00000000d6a80000,0x00000000d6a80000,0x00000000d6d00000)
 ParOldGen       total 68608K, used 26811K [0x0000000080000000, 0x0000000084300000, 0x00000000d5580000)
  object space 68608K, 39% used [0x0000000080000000,0x0000000081a2ef20,0x0000000084300000)
 Metaspace       used 32292K, committed 33344K, reserved 1114112K
  class space    used 3194K, committed 3648K, reserved 1048576K
}
Event: 4.405 GC heap before
{Heap before GC invocations=18 (full 1):
 PSYoungGen      total 24064K, used 23542K [0x00000000d5580000, 0x00000000d6f80000, 0x0000000100000000)
  eden space 21504K, 99% used [0x00000000d5580000,0x00000000d6a7f678,0x00000000d6a80000)
  from space 2560K, 79% used [0x00000000d6d00000,0x00000000d6efe200,0x00000000d6f80000)
  to   space 2560K, 0% used [0x00000000d6a80000,0x00000000d6a80000,0x00000000d6d00000)
 ParOldGen       total 68608K, used 26811K [0x0000000080000000, 0x0000000084300000, 0x00000000d5580000)
  object space 68608K, 39% used [0x0000000080000000,0x0000000081a2ef20,0x0000000084300000)
 Metaspace       used 34599K, committed 35648K, reserved 1114112K
  class space    used 3437K, committed 3904K, reserved 1048576K
}
Event: 4.409 GC heap after
{Heap after GC invocations=18 (full 1):
 PSYoungGen      total 23552K, used 1621K [0x00000000d5580000, 0x00000000d6e80000, 0x0000000100000000)
  eden space 21504K, 0% used [0x00000000d5580000,0x00000000d5580000,0x00000000d6a80000)
  from space 2048K, 79% used [0x00000000d6a80000,0x00000000d6c15610,0x00000000d6c80000)
  to   space 2048K, 0% used [0x00000000d6c80000,0x00000000d6c80000,0x00000000d6e80000)
 ParOldGen       total 68608K, used 28692K [0x0000000080000000, 0x0000000084300000, 0x00000000d5580000)
  object space 68608K, 41% used [0x0000000080000000,0x0000000081c05120,0x0000000084300000)
 Metaspace       used 34599K, committed 35648K, reserved 1114112K
  class space    used 3437K, committed 3904K, reserved 1048576K
}
Event: 4.638 GC heap before
{Heap before GC invocations=19 (full 1):
 PSYoungGen      total 23552K, used 12177K [0x00000000d5580000, 0x00000000d6e80000, 0x0000000100000000)
  eden space 21504K, 49% used [0x00000000d5580000,0x00000000d5fcef28,0x00000000d6a80000)
  from space 2048K, 79% used [0x00000000d6a80000,0x00000000d6c15610,0x00000000d6c80000)
  to   space 2048K, 0% used [0x00000000d6c80000,0x00000000d6c80000,0x00000000d6e80000)
 ParOldGen       total 68608K, used 28692K [0x0000000080000000, 0x0000000084300000, 0x00000000d5580000)
  object space 68608K, 41% used [0x0000000080000000,0x0000000081c05120,0x0000000084300000)
 Metaspace       used 34845K, committed 35840K, reserved 1114112K
  class space    used 3494K, committed 3904K, reserved 1048576K
}
Event: 4.640 GC heap after
{Heap after GC invocations=19 (full 1):
 PSYoungGen      total 22016K, used 288K [0x00000000d5580000, 0x00000000d6d00000, 0x0000000100000000)
  eden space 21504K, 0% used [0x00000000d5580000,0x00000000d5580000,0x00000000d6a80000)
  from space 512K, 56% used [0x00000000d6c80000,0x00000000d6cc8000,0x00000000d6d00000)
  to   space 1024K, 0% used [0x00000000d6b00000,0x00000000d6b00000,0x00000000d6c00000)
 ParOldGen       total 68608K, used 30006K [0x0000000080000000, 0x0000000084300000, 0x00000000d5580000)
  object space 68608K, 43% used [0x0000000080000000,0x0000000081d4dab0,0x0000000084300000)
 Metaspace       used 34845K, committed 35840K, reserved 1114112K
  class space    used 3494K, committed 3904K, reserved 1048576K
}
Event: 4.640 GC heap before
{Heap before GC invocations=20 (full 2):
 PSYoungGen      total 22016K, used 288K [0x00000000d5580000, 0x00000000d6d00000, 0x0000000100000000)
  eden space 21504K, 0% used [0x00000000d5580000,0x00000000d5580000,0x00000000d6a80000)
  from space 512K, 56% used [0x00000000d6c80000,0x00000000d6cc8000,0x00000000d6d00000)
  to   space 1024K, 0% used [0x00000000d6b00000,0x00000000d6b00000,0x00000000d6c00000)
 ParOldGen       total 68608K, used 30006K [0x0000000080000000, 0x0000000084300000, 0x00000000d5580000)
  object space 68608K, 43% used [0x0000000080000000,0x0000000081d4dab0,0x0000000084300000)
 Metaspace       used 34845K, committed 35840K, reserved 1114112K
  class space    used 3494K, committed 3904K, reserved 1048576K
}
Event: 4.700 GC heap after
{Heap after GC invocations=20 (full 2):
 PSYoungGen      total 22016K, used 0K [0x00000000d5580000, 0x00000000d6d00000, 0x0000000100000000)
  eden space 21504K, 0% used [0x00000000d5580000,0x00000000d5580000,0x00000000d6a80000)
  from space 512K, 0% used [0x00000000d6c80000,0x00000000d6c80000,0x00000000d6d00000)
  to   space 1024K, 0% used [0x00000000d6b00000,0x00000000d6b00000,0x00000000d6c00000)
 ParOldGen       total 68608K, used 28473K [0x0000000080000000, 0x0000000084300000, 0x00000000d5580000)
  object space 68608K, 41% used [0x0000000080000000,0x0000000081bce768,0x0000000084300000)
 Metaspace       used 34786K, committed 35840K, reserved 1114112K
  class space    used 3478K, committed 3904K, reserved 1048576K
}
Event: 5.076 GC heap before
{Heap before GC invocations=21 (full 2):
 PSYoungGen      total 22016K, used 21495K [0x00000000d5580000, 0x00000000d6d00000, 0x0000000100000000)
  eden space 21504K, 99% used [0x00000000d5580000,0x00000000d6a7de38,0x00000000d6a80000)
  from space 512K, 0% used [0x00000000d6c80000,0x00000000d6c80000,0x00000000d6d00000)
  to   space 1024K, 0% used [0x00000000d6b00000,0x00000000d6b00000,0x00000000d6c00000)
 ParOldGen       total 68608K, used 28473K [0x0000000080000000, 0x0000000084300000, 0x00000000d5580000)
  object space 68608K, 41% used [0x0000000080000000,0x0000000081bce768,0x0000000084300000)
 Metaspace       used 36373K, committed 37376K, reserved 1114112K
  class space    used 3614K, committed 4032K, reserved 1048576K
}
Event: 5.077 GC heap after
{Heap after GC invocations=21 (full 2):
 PSYoungGen      total 22528K, used 995K [0x00000000d5580000, 0x00000000d6d80000, 0x0000000100000000)
  eden space 21504K, 0% used [0x00000000d5580000,0x00000000d5580000,0x00000000d6a80000)
  from space 1024K, 97% used [0x00000000d6b00000,0x00000000d6bf8dc0,0x00000000d6c00000)
  to   space 1536K, 0% used [0x00000000d6c00000,0x00000000d6c00000,0x00000000d6d80000)
 ParOldGen       total 68608K, used 28664K [0x0000000080000000, 0x0000000084300000, 0x00000000d5580000)
  object space 68608K, 41% used [0x0000000080000000,0x0000000081bfe110,0x0000000084300000)
 Metaspace       used 36373K, committed 37376K, reserved 1114112K
  class space    used 3614K, committed 4032K, reserved 1048576K
}
Event: 5.122 GC heap before
{Heap before GC invocations=22 (full 2):
 PSYoungGen      total 22528K, used 22497K [0x00000000d5580000, 0x00000000d6d80000, 0x0000000100000000)
  eden space 21504K, 99% used [0x00000000d5580000,0x00000000d6a7f700,0x00000000d6a80000)
  from space 1024K, 97% used [0x00000000d6b00000,0x00000000d6bf8dc0,0x00000000d6c00000)
  to   space 1536K, 0% used [0x00000000d6c00000,0x00000000d6c00000,0x00000000d6d80000)
 ParOldGen       total 68608K, used 28664K [0x0000000080000000, 0x0000000084300000, 0x00000000d5580000)
  object space 68608K, 41% used [0x0000000080000000,0x0000000081bfe110,0x0000000084300000)
 Metaspace       used 36403K, committed 37376K, reserved 1114112K
  class space    used 3614K, committed 4032K, reserved 1048576K
}
Event: 5.122 GC heap after
{Heap after GC invocations=22 (full 2):
 PSYoungGen      total 22528K, used 674K [0x00000000d5580000, 0x00000000d6d00000, 0x0000000100000000)
  eden space 21504K, 0% used [0x00000000d5580000,0x00000000d5580000,0x00000000d6a80000)
  from space 1024K, 65% used [0x00000000d6c00000,0x00000000d6ca8b28,0x00000000d6d00000)
  to   space 1024K, 0% used [0x00000000d6b00000,0x00000000d6b00000,0x00000000d6c00000)
 ParOldGen       total 68608K, used 29393K [0x0000000080000000, 0x0000000084300000, 0x00000000d5580000)
  object space 68608K, 42% used [0x0000000080000000,0x0000000081cb44b0,0x0000000084300000)
 Metaspace       used 36403K, committed 37376K, reserved 1114112K
  class space    used 3614K, committed 4032K, reserved 1048576K
}

Dll operation events (10 events):
Event: 0.009 Loaded shared library c:\Users\jaywa\.vscode\extensions\redhat.java-1.43.1-win32-x64\jre\21.0.7-win32-x86_64\bin\java.dll
Event: 0.082 Loaded shared library c:\Users\jaywa\.vscode\extensions\redhat.java-1.43.1-win32-x64\jre\21.0.7-win32-x86_64\bin\zip.dll
Event: 0.101 Loaded shared library C:\Users\jaywa\.vscode\extensions\redhat.java-1.43.1-win32-x64\jre\21.0.7-win32-x86_64\bin\instrument.dll
Event: 0.105 Loaded shared library C:\Users\jaywa\.vscode\extensions\redhat.java-1.43.1-win32-x64\jre\21.0.7-win32-x86_64\bin\net.dll
Event: 0.107 Loaded shared library C:\Users\jaywa\.vscode\extensions\redhat.java-1.43.1-win32-x64\jre\21.0.7-win32-x86_64\bin\nio.dll
Event: 0.111 Loaded shared library C:\Users\jaywa\.vscode\extensions\redhat.java-1.43.1-win32-x64\jre\21.0.7-win32-x86_64\bin\zip.dll
Event: 0.128 Loaded shared library C:\Users\jaywa\.vscode\extensions\redhat.java-1.43.1-win32-x64\jre\21.0.7-win32-x86_64\bin\jimage.dll
Event: 0.203 Loaded shared library c:\Users\jaywa\.vscode\extensions\redhat.java-1.43.1-win32-x64\jre\21.0.7-win32-x86_64\bin\verify.dll
Event: 0.991 Loaded shared library C:\Users\jaywa\AppData\Roaming\Code\User\globalStorage\redhat.java\1.43.1\config_ss_win\org.eclipse.equinox.launcher\org.eclipse.equinox.launcher.win32.win32.x86_64_1.2.1300.v20250331-1702\eclipse_11911.dll
Event: 1.737 Loaded shared library C:\Users\jaywa\AppData\Local\Temp\jna-100903020\jna4452808044449099510.dll

Deoptimization events (20 events):
Event: 5.091 Thread 0x000001ff850b2c40 DEOPT PACKING pc=0x000001ffa5611bb3 sp=0x0000008c01ef9a90
Event: 5.091 Thread 0x000001ff850b2c40 DEOPT UNPACKING pc=0x000001ffac664242 sp=0x0000008c01ef8fc0 mode 0
Event: 5.094 Thread 0x000001ff850b2c40 DEOPT PACKING pc=0x000001ffa5611bb3 sp=0x0000008c01ef9a90
Event: 5.094 Thread 0x000001ff850b2c40 DEOPT UNPACKING pc=0x000001ffac664242 sp=0x0000008c01ef8fc0 mode 0
Event: 5.094 Thread 0x000001ff850b2c40 Uncommon trap: trap_request=0xffffffde fr.pc=0x000001ffacd04794 relative=0x0000000000006494
Event: 5.094 Thread 0x000001ff850b2c40 Uncommon trap: reason=class_check action=maybe_recompile pc=0x000001ffacd04794 method=lombok.patcher.PatchScript$MethodPatcher.visitMethod(ILjava/lang/String;Ljava/lang/String;Ljava/lang/String;[Ljava/lang/String;)Lorg/lombokweb/asm/MethodVisitor; @ 101 c
Event: 5.094 Thread 0x000001ff850b2c40 DEOPT PACKING pc=0x000001ffacd04794 sp=0x0000008c01ef9980
Event: 5.094 Thread 0x000001ff850b2c40 DEOPT UNPACKING pc=0x000001ffac663aa2 sp=0x0000008c01ef98d8 mode 2
Event: 5.094 Thread 0x000001ff850b2c40 Uncommon trap: trap_request=0xffffffde fr.pc=0x000001ffacd04794 relative=0x0000000000006494
Event: 5.094 Thread 0x000001ff850b2c40 Uncommon trap: reason=class_check action=maybe_recompile pc=0x000001ffacd04794 method=lombok.patcher.PatchScript$MethodPatcher.visitMethod(ILjava/lang/String;Ljava/lang/String;Ljava/lang/String;[Ljava/lang/String;)Lorg/lombokweb/asm/MethodVisitor; @ 101 c
Event: 5.094 Thread 0x000001ff850b2c40 DEOPT PACKING pc=0x000001ffacd04794 sp=0x0000008c01ef9980
Event: 5.094 Thread 0x000001ff850b2c40 DEOPT UNPACKING pc=0x000001ffac663aa2 sp=0x0000008c01ef98d8 mode 2
Event: 5.094 Thread 0x000001ff850b2c40 Uncommon trap: trap_request=0xffffffde fr.pc=0x000001ffacd04794 relative=0x0000000000006494
Event: 5.094 Thread 0x000001ff850b2c40 Uncommon trap: reason=class_check action=maybe_recompile pc=0x000001ffacd04794 method=lombok.patcher.PatchScript$MethodPatcher.visitMethod(ILjava/lang/String;Ljava/lang/String;Ljava/lang/String;[Ljava/lang/String;)Lorg/lombokweb/asm/MethodVisitor; @ 101 c
Event: 5.094 Thread 0x000001ff850b2c40 DEOPT PACKING pc=0x000001ffacd04794 sp=0x0000008c01ef9980
Event: 5.094 Thread 0x000001ff850b2c40 DEOPT UNPACKING pc=0x000001ffac663aa2 sp=0x0000008c01ef98d8 mode 2
Event: 5.094 Thread 0x000001ff850b2c40 Uncommon trap: trap_request=0xffffffde fr.pc=0x000001ffacd04794 relative=0x0000000000006494
Event: 5.094 Thread 0x000001ff850b2c40 Uncommon trap: reason=class_check action=maybe_recompile pc=0x000001ffacd04794 method=lombok.patcher.PatchScript$MethodPatcher.visitMethod(ILjava/lang/String;Ljava/lang/String;Ljava/lang/String;[Ljava/lang/String;)Lorg/lombokweb/asm/MethodVisitor; @ 101 c
Event: 5.094 Thread 0x000001ff850b2c40 DEOPT PACKING pc=0x000001ffacd04794 sp=0x0000008c01ef9980
Event: 5.094 Thread 0x000001ff850b2c40 DEOPT UNPACKING pc=0x000001ffac663aa2 sp=0x0000008c01ef98d8 mode 2

Classes loaded (20 events):
Event: 3.391 Loading class java/lang/runtime/ObjectMethods$1
Event: 3.391 Loading class java/lang/runtime/ObjectMethods$1 done
Event: 3.517 Loading class java/lang/invoke/MethodHandleImpl$CountingWrapper
Event: 3.517 Loading class java/lang/invoke/MethodHandleImpl$CountingWrapper done
Event: 3.526 Loading class java/util/AbstractList$ListItr
Event: 3.526 Loading class java/util/AbstractList$ListItr done
Event: 3.535 Loading class java/nio/channels/Channels$ReadableByteChannelImpl
Event: 3.535 Loading class java/nio/channels/Channels$ReadableByteChannelImpl done
Event: 3.536 Loading class java/nio/channels/NonWritableChannelException
Event: 3.536 Loading class java/nio/channels/NonWritableChannelException done
Event: 3.715 Loading class java/lang/invoke/MethodHandleImpl$CountingWrapper$1
Event: 3.716 Loading class java/lang/invoke/MethodHandleImpl$CountingWrapper$1 done
Event: 4.040 Loading class java/lang/ExceptionInInitializerError
Event: 4.041 Loading class java/lang/ExceptionInInitializerError done
Event: 4.140 Loading class sun/misc/Unsafe
Event: 4.141 Loading class sun/misc/Unsafe done
Event: 4.602 Loading class java/util/Vector$1
Event: 4.602 Loading class java/util/Vector$1 done
Event: 5.001 Loading class java/util/regex/Pattern$Caret
Event: 5.001 Loading class java/util/regex/Pattern$Caret done

Classes unloaded (20 events):
Event: 4.649 Thread 0x000001ffb8974930 Unloading class 0x000001ffba36ac00 'java/lang/invoke/LambdaForm$MH+0x000001ffba36ac00'
Event: 4.649 Thread 0x000001ffb8974930 Unloading class 0x000001ffba369c00 'java/lang/invoke/LambdaForm$MH+0x000001ffba369c00'
Event: 4.649 Thread 0x000001ffb8974930 Unloading class 0x000001ffba366400 'java/lang/invoke/LambdaForm$MH+0x000001ffba366400'
Event: 4.649 Thread 0x000001ffb8974930 Unloading class 0x000001ffba366000 'java/lang/invoke/LambdaForm$MH+0x000001ffba366000'
Event: 4.649 Thread 0x000001ffb8974930 Unloading class 0x000001ffba365800 'java/lang/invoke/LambdaForm$MH+0x000001ffba365800'
Event: 4.649 Thread 0x000001ffb8974930 Unloading class 0x000001ffba365400 'java/lang/invoke/LambdaForm$MH+0x000001ffba365400'
Event: 4.649 Thread 0x000001ffb8974930 Unloading class 0x000001ffba364c00 'java/lang/invoke/LambdaForm$MH+0x000001ffba364c00'
Event: 4.649 Thread 0x000001ffb8974930 Unloading class 0x000001ffba364800 'java/lang/invoke/LambdaForm$MH+0x000001ffba364800'
Event: 4.649 Thread 0x000001ffb8974930 Unloading class 0x000001ffba364000 'java/lang/invoke/LambdaForm$MH+0x000001ffba364000'
Event: 4.649 Thread 0x000001ffb8974930 Unloading class 0x000001ffba363c00 'java/lang/invoke/LambdaForm$MH+0x000001ffba363c00'
Event: 4.649 Thread 0x000001ffb8974930 Unloading class 0x000001ffba363400 'java/lang/invoke/LambdaForm$MH+0x000001ffba363400'
Event: 4.649 Thread 0x000001ffb8974930 Unloading class 0x000001ffba363000 'java/lang/invoke/LambdaForm$MH+0x000001ffba363000'
Event: 4.649 Thread 0x000001ffb8974930 Unloading class 0x000001ffba362c00 'java/lang/invoke/LambdaForm$MH+0x000001ffba362c00'
Event: 4.649 Thread 0x000001ffb8974930 Unloading class 0x000001ffba362400 'java/lang/invoke/LambdaForm$MH+0x000001ffba362400'
Event: 4.649 Thread 0x000001ffb8974930 Unloading class 0x000001ffba361c00 'java/lang/invoke/LambdaForm$MH+0x000001ffba361c00'
Event: 4.649 Thread 0x000001ffb8974930 Unloading class 0x000001ffba361800 'java/lang/invoke/LambdaForm$MH+0x000001ffba361800'
Event: 4.649 Thread 0x000001ffb8974930 Unloading class 0x000001ffba361000 'java/lang/invoke/LambdaForm$MH+0x000001ffba361000'
Event: 4.649 Thread 0x000001ffb8974930 Unloading class 0x000001ffba361400 'java/lang/invoke/LambdaForm$MH+0x000001ffba361400'
Event: 4.649 Thread 0x000001ffb8974930 Unloading class 0x000001ffba360800 'java/lang/invoke/LambdaForm$DMH+0x000001ffba360800'
Event: 4.649 Thread 0x000001ffb8974930 Unloading class 0x000001ffba360400 'java/lang/invoke/LambdaForm$DMH+0x000001ffba360400'

Classes redefined (0 events):
No events

Internal exceptions (20 events):
Event: 3.393 Thread 0x000001ff850b2c40 Exception <a 'java/lang/NoSuchMethodError'{0x00000000d65a7540}: 'int java.lang.invoke.DirectMethodHandle$Holder.invokeStaticInit(java.lang.Object, float, float)'> (0x00000000d65a7540) 
thrown [s\src\hotspot\share\interpreter\linkResolver.cpp, line 773]
Event: 3.393 Thread 0x000001ff850b2c40 Exception <a 'java/lang/NoSuchMethodError'{0x00000000d65ae4d8}: 'int java.lang.invoke.DirectMethodHandle$Holder.invokeStaticInit(java.lang.Object, double, double)'> (0x00000000d65ae4d8) 
thrown [s\src\hotspot\share\interpreter\linkResolver.cpp, line 773]
Event: 3.393 Thread 0x000001ff850b2c40 Exception <a 'java/lang/NoSuchMethodError'{0x00000000d65b2d28}: 'int java.lang.invoke.DirectMethodHandle$Holder.invokeStatic(java.lang.Object, long)'> (0x00000000d65b2d28) 
thrown [s\src\hotspot\share\interpreter\linkResolver.cpp, line 773]
Event: 3.397 Thread 0x000001ff851a85c0 Exception <a 'java/lang/NoSuchMethodError'{0x00000000d65e7838}: 'int java.lang.invoke.Invokers$Holder.linkToTargetMethod(java.lang.Object, java.lang.Object)'> (0x00000000d65e7838) 
thrown [s\src\hotspot\share\interpreter\linkResolver.cpp, line 773]
Event: 3.397 Thread 0x000001ff851a8c50 Exception <a 'java/lang/NoSuchMethodError'{0x00000000d65f41a0}: 'int java.lang.invoke.Invokers$Holder.linkToTargetMethod(java.lang.Object, java.lang.Object)'> (0x00000000d65f41a0) 
thrown [s\src\hotspot\share\interpreter\linkResolver.cpp, line 773]
Event: 3.397 Thread 0x000001ff850b2c40 Exception <a 'java/lang/NoSuchMethodError'{0x00000000d65ce888}: 'int java.lang.invoke.Invokers$Holder.linkToTargetMethod(java.lang.Object, java.lang.Object)'> (0x00000000d65ce888) 
thrown [s\src\hotspot\share\interpreter\linkResolver.cpp, line 773]
Event: 3.513 Thread 0x000001ff851a8c50 Exception <a 'java/lang/NoSuchMethodError'{0x00000000d58ec8c0}: 'int java.lang.invoke.DirectMethodHandle$Holder.invokeSpecial(java.lang.Object, java.lang.Object, java.lang.Object, java.lang.Object)'> (0x00000000d58ec8c0) 
thrown [s\src\hotspot\share\interpreter\linkResolver.cpp, line 773]
Event: 3.514 Thread 0x000001ff850b2c40 Exception <a 'java/lang/NoSuchMethodError'{0x00000000d58cd1a8}: 'int java.lang.invoke.DirectMethodHandle$Holder.invokeSpecial(java.lang.Object, java.lang.Object, java.lang.Object, java.lang.Object)'> (0x00000000d58cd1a8) 
thrown [s\src\hotspot\share\interpreter\linkResolver.cpp, line 773]
Event: 3.516 Thread 0x000001ff851a8c50 Exception <a 'java/lang/NoSuchMethodError'{0x00000000d58f9538}: 'java.lang.Object java.lang.invoke.DirectMethodHandle$Holder.invokeStatic(java.lang.Object, int, java.lang.Object, java.lang.Object)'> (0x00000000d58f9538) 
thrown [s\src\hotspot\share\interpreter\linkResolver.cpp, line 773]
Event: 3.516 Thread 0x000001ff850b2c40 Exception <a 'java/lang/NoSuchMethodError'{0x00000000d58da460}: 'java.lang.Object java.lang.invoke.DirectMethodHandle$Holder.invokeStatic(java.lang.Object, int, java.lang.Object, java.lang.Object)'> (0x00000000d58da460) 
thrown [s\src\hotspot\share\interpreter\linkResolver.cpp, line 773]
Event: 3.516 Thread 0x000001ff851a8c50 Exception <a 'java/lang/NoSuchMethodError'{0x00000000d58fcfc8}: 'java.lang.Object java.lang.invoke.DelegatingMethodHandle$Holder.delegate(java.lang.Object, int, java.lang.Object, java.lang.Object)'> (0x00000000d58fcfc8) 
thrown [s\src\hotspot\share\interpreter\linkResolver.cpp, line 773]
Event: 3.516 Thread 0x000001ff850b2c40 Exception <a 'java/lang/NoSuchMethodError'{0x00000000d58dda48}: 'java.lang.Object java.lang.invoke.DelegatingMethodHandle$Holder.delegate(java.lang.Object, int, java.lang.Object, java.lang.Object)'> (0x00000000d58dda48) 
thrown [s\src\hotspot\share\interpreter\linkResolver.cpp, line 773]
Event: 3.518 Thread 0x000001ff851a8c50 Implicit null exception at 0x000001ffacd53e13 to 0x000001ffacd540b8
Event: 3.518 Thread 0x000001ff850b2c40 Implicit null exception at 0x000001ffacd53e13 to 0x000001ffacd540b8
Event: 3.520 Thread 0x000001ff851a8c50 Exception <a 'java/lang/NoSuchMethodError'{0x00000000d5944a20}: 'int java.lang.invoke.Invokers$Holder.linkToTargetMethod(java.lang.Object, java.lang.Object, java.lang.Object)'> (0x00000000d5944a20) 
thrown [s\src\hotspot\share\interpreter\linkResolver.cpp, line 773]
Event: 3.520 Thread 0x000001ff850b2c40 Exception <a 'java/lang/NoSuchMethodError'{0x00000000d595c9e8}: 'int java.lang.invoke.Invokers$Holder.linkToTargetMethod(java.lang.Object, java.lang.Object, java.lang.Object)'> (0x00000000d595c9e8) 
thrown [s\src\hotspot\share\interpreter\linkResolver.cpp, line 773]
Event: 4.244 Thread 0x000001ff850b2c40 Exception <a 'java/lang/LinkageError'{0x00000000d688cbc0}: loader lombok.launch.ShadowClassLoader @40b64548 attempted duplicate class definition for lombok.launch.PatchFixesHider$Transform. (lombok.launch.PatchFixesHider$Transform is in unnamed module of loader lombok.launch.ShadowClassLoader @40b64548, parent loader org.eclipse.osgi.internal.loader.EquinoxClassLoader @43d1c23b)> (0x00000000d688cbc0) 
thrown [s\src\hotspot\share\classfile\systemDictionary.cpp, line 1682]
Event: 4.969 Thread 0x000001ff851a85c0 Implicit null exception at 0x000001ffacdf239d to 0x000001ffacdf2ef8
Event: 5.050 Thread 0x000001ff850b2c40 Exception <a 'java/lang/LinkageError'{0x00000000d66dba70}: loader lombok.launch.ShadowClassLoader @40b64548 attempted duplicate class definition for lombok.launch.PatchFixesHider$ValPortal. (lombok.launch.PatchFixesHider$ValPortal is in unnamed module of loader lombok.launch.ShadowClassLoader @40b64548, parent loader org.eclipse.osgi.internal.loader.EquinoxClassLoader @43d1c23b)> (0x00000000d66dba70) 
thrown [s\src\hotspot\share\classfile\systemDictionary.cpp, line 1682]
Event: 5.051 Thread 0x000001ff851a85c0 Exception <a 'java/lang/LinkageError'{0x00000000d66fe080}: loader lombok.launch.ShadowClassLoader @40b64548 attempted duplicate class definition for lombok.launch.PatchFixesHider$ValPortal. (lombok.launch.PatchFixesHider$ValPortal is in unnamed module of loader lombok.launch.ShadowClassLoader @40b64548, parent loader org.eclipse.osgi.internal.loader.EquinoxClassLoader @43d1c23b)> (0x00000000d66fe080) 
thrown [s\src\hotspot\share\classfile\systemDictionary.cpp, line 1682]

ZGC Phase Switch (0 events):
No events

VM Operations (20 events):
Event: 3.635 Executing VM operation: ParallelGCFailedAllocation (Allocation Failure)
Event: 3.638 Executing VM operation: ParallelGCFailedAllocation (Allocation Failure) done
Event: 3.697 Executing VM operation: ParallelGCFailedAllocation (Allocation Failure)
Event: 3.701 Executing VM operation: ParallelGCFailedAllocation (Allocation Failure) done
Event: 3.774 Executing VM operation: ParallelGCFailedAllocation (Allocation Failure)
Event: 3.781 Executing VM operation: ParallelGCFailedAllocation (Allocation Failure) done
Event: 3.867 Executing VM operation: ParallelGCFailedAllocation (Allocation Failure)
Event: 3.872 Executing VM operation: ParallelGCFailedAllocation (Allocation Failure) done
Event: 4.171 Executing VM operation: HandshakeAllThreads (Deoptimize)
Event: 4.171 Executing VM operation: HandshakeAllThreads (Deoptimize) done
Event: 4.405 Executing VM operation: ParallelGCFailedAllocation (Allocation Failure)
Event: 4.409 Executing VM operation: ParallelGCFailedAllocation (Allocation Failure) done
Event: 4.638 Executing VM operation: CollectForMetadataAllocation (Metadata GC Threshold)
Event: 4.700 Executing VM operation: CollectForMetadataAllocation (Metadata GC Threshold) done
Event: 5.076 Executing VM operation: ParallelGCFailedAllocation (Allocation Failure)
Event: 5.077 Executing VM operation: ParallelGCFailedAllocation (Allocation Failure) done
Event: 5.122 Executing VM operation: ParallelGCFailedAllocation (Allocation Failure)
Event: 5.122 Executing VM operation: ParallelGCFailedAllocation (Allocation Failure) done
Event: 6.131 Executing VM operation: Cleanup
Event: 6.131 Executing VM operation: Cleanup done

Memory protections (0 events):
No events

Nmethod flushes (20 events):
Event: 4.666 Thread 0x000001ffb8974930 flushing  nmethod 0x000001ffa540ce90
Event: 4.666 Thread 0x000001ffb8974930 flushing  nmethod 0x000001ffa541ea10
Event: 4.666 Thread 0x000001ffb8974930 flushing  nmethod 0x000001ffa5424e10
Event: 4.666 Thread 0x000001ffb8974930 flushing  nmethod 0x000001ffa5485d90
Event: 4.666 Thread 0x000001ffb8974930 flushing  nmethod 0x000001ffa54d4b10
Event: 4.666 Thread 0x000001ffb8974930 flushing  nmethod 0x000001ffa54d4f90
Event: 4.666 Thread 0x000001ffb8974930 flushing  nmethod 0x000001ffa550a710
Event: 4.666 Thread 0x000001ffb8974930 flushing  nmethod 0x000001ffa550b090
Event: 4.666 Thread 0x000001ffb8974930 flushing  nmethod 0x000001ffa5510010
Event: 4.666 Thread 0x000001ffb8974930 flushing  nmethod 0x000001ffa555e390
Event: 4.666 Thread 0x000001ffb8974930 flushing  nmethod 0x000001ffa555eb10
Event: 4.666 Thread 0x000001ffb8974930 flushing  nmethod 0x000001ffa5561610
Event: 4.666 Thread 0x000001ffb8974930 flushing  nmethod 0x000001ffa5561990
Event: 4.666 Thread 0x000001ffb8974930 flushing  nmethod 0x000001ffa55c9990
Event: 4.666 Thread 0x000001ffb8974930 flushing  nmethod 0x000001ffa55c9d90
Event: 4.666 Thread 0x000001ffb8974930 flushing  nmethod 0x000001ffa55ca710
Event: 4.666 Thread 0x000001ffb8974930 flushing  nmethod 0x000001ffa55d2c90
Event: 4.666 Thread 0x000001ffb8974930 flushing  nmethod 0x000001ffa55dad10
Event: 4.666 Thread 0x000001ffb8974930 flushing  nmethod 0x000001ffa55dda90
Event: 4.666 Thread 0x000001ffb8974930 flushing  nmethod 0x000001ffa55e6490

Events (20 events):
Event: 2.826 Thread 0x000001ffa1ee9080 Thread added: 0x000001ff850b04e0
Event: 2.826 Thread 0x000001ffa1ee9080 Thread added: 0x000001ff850ae410
Event: 2.827 Thread 0x000001ffa1ee9080 Thread added: 0x000001ff850ad6f0
Event: 2.827 Thread 0x000001ffa1ee9080 Thread added: 0x000001ff850af7c0
Event: 2.827 Thread 0x000001ffa1ee9080 Thread added: 0x000001ff850aeaa0
Event: 2.827 Thread 0x000001ffa1ee9080 Thread added: 0x000001ff850afe50
Event: 2.827 Thread 0x000001ffa1ee9080 Thread added: 0x000001ff850ad060
Event: 2.828 Thread 0x000001ffa1ee9080 Thread added: 0x000001ff850b3960
Event: 2.828 Thread 0x000001ffa1ee9080 Thread added: 0x000001ff850b3ff0
Event: 2.828 Thread 0x000001ffa1ee9080 Thread added: 0x000001ff850b32d0
Event: 2.828 Thread 0x000001ffa1ee9080 Thread added: 0x000001ff850b1890
Event: 2.828 Thread 0x000001ffa1ee9080 Thread added: 0x000001ff850b0b70
Event: 2.828 Thread 0x000001ffa1ee9080 Thread added: 0x000001ff850b4680
Event: 2.861 Thread 0x000001ffa1ee9080 Thread added: 0x000001ff850b1f20
Event: 2.967 Thread 0x000001ff850af130 Thread added: 0x000001ff850b1200
Event: 3.029 Thread 0x000001ffa1ee9080 Thread added: 0x000001ff850b25b0
Event: 3.029 Thread 0x000001ffa1ee9080 Thread added: 0x000001ff850b2c40
Event: 3.232 Thread 0x000001ff850b2c40 Thread added: 0x000001ff851a85c0
Event: 3.233 Thread 0x000001ff850b2c40 Thread added: 0x000001ff851a8c50
Event: 4.904 Thread 0x000001ff85cc42f0 Thread exited: 0x000001ff85cc42f0


Dynamic libraries:
0x00007ff77e760000 - 0x00007ff77e76e000 	c:\Users\jaywa\.vscode\extensions\redhat.java-1.43.1-win32-x64\jre\21.0.7-win32-x86_64\bin\java.exe
0x00007ffa79ce0000 - 0x00007ffa79f45000 	C:\WINDOWS\SYSTEM32\ntdll.dll
0x00007ffa79b70000 - 0x00007ffa79c39000 	C:\WINDOWS\System32\KERNEL32.DLL
0x00007ffa77690000 - 0x00007ffa77a78000 	C:\WINDOWS\System32\KERNELBASE.dll
0x00007ffa771e0000 - 0x00007ffa7732b000 	C:\WINDOWS\System32\ucrtbase.dll
0x00007ffa672d0000 - 0x00007ffa672e8000 	c:\Users\jaywa\.vscode\extensions\redhat.java-1.43.1-win32-x64\jre\21.0.7-win32-x86_64\bin\jli.dll
0x00007ffa5c370000 - 0x00007ffa5c38e000 	c:\Users\jaywa\.vscode\extensions\redhat.java-1.43.1-win32-x64\jre\21.0.7-win32-x86_64\bin\VCRUNTIME140.dll
0x00007ffa78650000 - 0x00007ffa7881a000 	C:\WINDOWS\System32\USER32.dll
0x00007ffa77330000 - 0x00007ffa77357000 	C:\WINDOWS\System32\win32u.dll
0x00007ffa789a0000 - 0x00007ffa789cb000 	C:\WINDOWS\System32\GDI32.dll
0x00007ffa5b270000 - 0x00007ffa5b50a000 	C:\WINDOWS\WinSxS\amd64_microsoft.windows.common-controls_6595b64144ccf1df_6.0.26100.4202_none_3e0698d4e335f517\COMCTL32.dll
0x00007ffa77550000 - 0x00007ffa77687000 	C:\WINDOWS\System32\gdi32full.dll
0x00007ffa799a0000 - 0x00007ffa79a49000 	C:\WINDOWS\System32\msvcrt.dll
0x00007ffa77130000 - 0x00007ffa771d3000 	C:\WINDOWS\System32\msvcp_win.dll
0x00007ffa788f0000 - 0x00007ffa78920000 	C:\WINDOWS\System32\IMM32.DLL
0x00007ffa71fe0000 - 0x00007ffa71fec000 	c:\Users\jaywa\.vscode\extensions\redhat.java-1.43.1-win32-x64\jre\21.0.7-win32-x86_64\bin\vcruntime140_1.dll
0x00007ffa50210000 - 0x00007ffa5029d000 	c:\Users\jaywa\.vscode\extensions\redhat.java-1.43.1-win32-x64\jre\21.0.7-win32-x86_64\bin\msvcp140.dll
0x00007ff9cc9d0000 - 0x00007ff9cd760000 	c:\Users\jaywa\.vscode\extensions\redhat.java-1.43.1-win32-x64\jre\21.0.7-win32-x86_64\bin\server\jvm.dll
0x00007ffa78830000 - 0x00007ffa788e3000 	C:\WINDOWS\System32\ADVAPI32.dll
0x00007ffa79750000 - 0x00007ffa797f6000 	C:\WINDOWS\System32\sechost.dll
0x00007ffa79800000 - 0x00007ffa79915000 	C:\WINDOWS\System32\RPCRT4.dll
0x00007ffa79af0000 - 0x00007ffa79b64000 	C:\WINDOWS\System32\WS2_32.dll
0x00007ffa76ca0000 - 0x00007ffa76cfe000 	C:\WINDOWS\SYSTEM32\POWRPROF.dll
0x00007ffa6fde0000 - 0x00007ffa6fdeb000 	C:\WINDOWS\SYSTEM32\VERSION.dll
0x00007ffa6df60000 - 0x00007ffa6df95000 	C:\WINDOWS\SYSTEM32\WINMM.dll
0x00007ffa76c80000 - 0x00007ffa76c94000 	C:\WINDOWS\SYSTEM32\UMPDC.dll
0x00007ffa75bd0000 - 0x00007ffa75beb000 	C:\WINDOWS\SYSTEM32\kernel.appcore.dll
0x00007ffa672c0000 - 0x00007ffa672ca000 	c:\Users\jaywa\.vscode\extensions\redhat.java-1.43.1-win32-x64\jre\21.0.7-win32-x86_64\bin\jimage.dll
0x00007ffa6a430000 - 0x00007ffa6a671000 	C:\WINDOWS\SYSTEM32\DBGHELP.DLL
0x00007ffa78020000 - 0x00007ffa783a5000 	C:\WINDOWS\System32\combase.dll
0x00007ffa79220000 - 0x00007ffa79301000 	C:\WINDOWS\System32\OLEAUT32.dll
0x00007ffa56140000 - 0x00007ffa56179000 	C:\WINDOWS\SYSTEM32\dbgcore.DLL
0x00007ffa774b0000 - 0x00007ffa77549000 	C:\WINDOWS\System32\bcryptPrimitives.dll
0x00007ffa5c640000 - 0x00007ffa5c64f000 	c:\Users\jaywa\.vscode\extensions\redhat.java-1.43.1-win32-x64\jre\21.0.7-win32-x86_64\bin\instrument.dll
0x00007ffa52190000 - 0x00007ffa521af000 	c:\Users\jaywa\.vscode\extensions\redhat.java-1.43.1-win32-x64\jre\21.0.7-win32-x86_64\bin\java.dll
0x00007ffa78a50000 - 0x00007ffa79192000 	C:\WINDOWS\System32\SHELL32.dll
0x00007ffa76e30000 - 0x00007ffa76fa4000 	C:\WINDOWS\System32\wintypes.dll
0x00007ffa74a80000 - 0x00007ffa752d8000 	C:\WINDOWS\SYSTEM32\windows.storage.dll
0x00007ffa783e0000 - 0x00007ffa784d1000 	C:\WINDOWS\System32\SHCORE.dll
0x00007ffa78930000 - 0x00007ffa7899a000 	C:\WINDOWS\System32\shlwapi.dll
0x00007ffa76d40000 - 0x00007ffa76d6f000 	C:\WINDOWS\SYSTEM32\profapi.dll
0x00007ffa52170000 - 0x00007ffa52188000 	c:\Users\jaywa\.vscode\extensions\redhat.java-1.43.1-win32-x64\jre\21.0.7-win32-x86_64\bin\zip.dll
0x00007ffa58a70000 - 0x00007ffa58a80000 	C:\Users\jaywa\.vscode\extensions\redhat.java-1.43.1-win32-x64\jre\21.0.7-win32-x86_64\bin\net.dll
0x00007ffa6e890000 - 0x00007ffa6e9ae000 	C:\WINDOWS\SYSTEM32\WINHTTP.dll
0x00007ffa76160000 - 0x00007ffa761ca000 	C:\WINDOWS\system32\mswsock.dll
0x00007ffa52130000 - 0x00007ffa52146000 	C:\Users\jaywa\.vscode\extensions\redhat.java-1.43.1-win32-x64\jre\21.0.7-win32-x86_64\bin\nio.dll
0x00007ffa58820000 - 0x00007ffa58830000 	c:\Users\jaywa\.vscode\extensions\redhat.java-1.43.1-win32-x64\jre\21.0.7-win32-x86_64\bin\verify.dll
0x00007ffa6ea00000 - 0x00007ffa6ea45000 	C:\Users\jaywa\AppData\Roaming\Code\User\globalStorage\redhat.java\1.43.1\config_ss_win\org.eclipse.equinox.launcher\org.eclipse.equinox.launcher.win32.win32.x86_64_1.2.1300.v20250331-1702\eclipse_11911.dll
0x00007ffa79310000 - 0x00007ffa794ae000 	C:\WINDOWS\System32\ole32.dll
0x00007ffa76410000 - 0x00007ffa7642b000 	C:\WINDOWS\SYSTEM32\CRYPTSP.dll
0x00007ffa75b30000 - 0x00007ffa75b6a000 	C:\WINDOWS\system32\rsaenh.dll
0x00007ffa76200000 - 0x00007ffa7622b000 	C:\WINDOWS\SYSTEM32\USERENV.dll
0x00007ffa76d10000 - 0x00007ffa76d36000 	C:\WINDOWS\SYSTEM32\bcrypt.dll
0x00007ffa76430000 - 0x00007ffa7643c000 	C:\WINDOWS\SYSTEM32\CRYPTBASE.dll
0x00007ffa755c0000 - 0x00007ffa755f3000 	C:\WINDOWS\SYSTEM32\IPHLPAPI.DLL
0x00007ffa79ae0000 - 0x00007ffa79aea000 	C:\WINDOWS\System32\NSI.dll
0x00007ffa67030000 - 0x00007ffa67079000 	C:\Users\jaywa\AppData\Local\Temp\jna-100903020\jna4452808044449099510.dll
0x00007ffa78820000 - 0x00007ffa78828000 	C:\WINDOWS\System32\PSAPI.DLL
0x00007ffa6e190000 - 0x00007ffa6e1af000 	C:\WINDOWS\SYSTEM32\dhcpcsvc6.DLL
0x00007ffa6dfa0000 - 0x00007ffa6dfc5000 	C:\WINDOWS\SYSTEM32\dhcpcsvc.DLL

dbghelp: loaded successfully - version: 4.0.5 - missing functions: none
symbol engine: initialized successfully - sym options: 0x614 - pdb path: .;c:\Users\jaywa\.vscode\extensions\redhat.java-1.43.1-win32-x64\jre\21.0.7-win32-x86_64\bin;C:\WINDOWS\SYSTEM32;C:\WINDOWS\WinSxS\amd64_microsoft.windows.common-controls_6595b64144ccf1df_6.0.26100.4202_none_3e0698d4e335f517;c:\Users\jaywa\.vscode\extensions\redhat.java-1.43.1-win32-x64\jre\21.0.7-win32-x86_64\bin\server;C:\Users\jaywa\AppData\Roaming\Code\User\globalStorage\redhat.java\1.43.1\config_ss_win\org.eclipse.equinox.launcher\org.eclipse.equinox.launcher.win32.win32.x86_64_1.2.1300.v20250331-1702;C:\Users\jaywa\AppData\Local\Temp\jna-100903020

VM Arguments:
jvm_args: --add-modules=ALL-SYSTEM --add-opens=java.base/java.util=ALL-UNNAMED --add-opens=java.base/java.lang=ALL-UNNAMED --add-opens=java.base/sun.nio.fs=ALL-UNNAMED -Declipse.application=org.eclipse.jdt.ls.core.id1 -Dosgi.bundles.defaultStartLevel=4 -Declipse.product=org.eclipse.jdt.ls.core.product -Djava.import.generatesMetadataFilesAtProjectRoot=false -DDetectVMInstallationsJob.disabled=true -Dfile.encoding=utf8 -XX:+UseParallelGC -XX:GCTimeRatio=4 -XX:AdaptiveSizePolicyWeight=90 -Dsun.zip.disableMemoryMapping=true -Xmx2G -Xms100m -Xlog:disable -javaagent:c:\Users\jaywa\.vscode\extensions\redhat.java-1.43.1-win32-x64\lombok\lombok-1.18.39-4050.jar 
java_command: c:\Users\jaywa\.vscode\extensions\redhat.java-1.43.1-win32-x64\server\plugins\org.eclipse.equinox.launcher_1.7.0.v20250519-0528.jar -configuration c:\Users\jaywa\AppData\Roaming\Code\User\globalStorage\redhat.java\1.43.1\config_ss_win -data c:\Users\jaywa\AppData\Roaming\Code\User\workspaceStorage\941e525438b40ac49e461c5fff333984\redhat.java\ss_ws --pipe=\\.\pipe\lsp-1a9c028910ad55383529606ce45f006a-sock
java_class_path (initial): c:\Users\jaywa\.vscode\extensions\redhat.java-1.43.1-win32-x64\server\plugins\org.eclipse.equinox.launcher_1.7.0.v20250519-0528.jar
Launcher Type: SUN_STANDARD

[Global flags]
    uintx AdaptiveSizePolicyWeight                 = 90                                        {product} {command line}
     intx CICompilerCount                          = 4                                         {product} {ergonomic}
    uintx GCTimeRatio                              = 4                                         {product} {command line}
   size_t InitialHeapSize                          = 104857600                                 {product} {command line}
   size_t MaxHeapSize                              = 2147483648                                {product} {command line}
   size_t MaxNewSize                               = 715653120                                 {product} {ergonomic}
   size_t MinHeapDeltaBytes                        = 524288                                    {product} {ergonomic}
   size_t MinHeapSize                              = 104857600                                 {product} {command line}
   size_t NewSize                                  = 34603008                                  {product} {ergonomic}
    uintx NonNMethodCodeHeapSize                   = 5839372                                {pd product} {ergonomic}
    uintx NonProfiledCodeHeapSize                  = 122909434                              {pd product} {ergonomic}
   size_t OldSize                                  = 70254592                                  {product} {ergonomic}
    uintx ProfiledCodeHeapSize                     = 122909434                              {pd product} {ergonomic}
    uintx ReservedCodeCacheSize                    = 251658240                              {pd product} {ergonomic}
     bool SegmentedCodeCache                       = true                                      {product} {ergonomic}
   size_t SoftMaxHeapSize                          = 2147483648                             {manageable} {ergonomic}
     bool UseCompressedOops                        = true                           {product lp64_product} {ergonomic}
     bool UseLargePagesIndividualAllocation        = false                                  {pd product} {ergonomic}
     bool UseParallelGC                            = true                                      {product} {command line}

Logging:
Log output configuration:
 #0: stdout all=off uptime,level,tags foldmultilines=false
 #1: stderr all=off uptime,level,tags foldmultilines=false

Environment Variables:
JAVA_HOME=C:\Program Files\Java
PATH=C:\Program Files\Common Files\Oracle\Java\javapath;C:\WINDOWS\system32;C:\WINDOWS;C:\WINDOWS\System32\Wbem;C:\WINDOWS\System32\WindowsPowerShell\v1.0\;C:\WINDOWS\System32\OpenSSH\;C:\Program Files\Java\jdk-24;C:\Program Files\nodejs\;C:\Program Files\Git\cmd;C:\Program Files\Git;C:\Program Files\MySQL\MySQL Shell 8.0\bin\;C:\Users\jaywa\AppData\Local\Microsoft\WindowsApps;C:\Program Files\Java\jdk-24;C:\Users\jaywa\AppData\Local\Programs\Microsoft VS Code\bin;C:\Users\jaywa\AppData\Roaming\npm;C:\Program Files\Git\bin;C:\Program Files\Git;C:\Program Files\Git\cmd;
USERNAME=jaywa
OS=Windows_NT
PROCESSOR_IDENTIFIER=AMD64 Family 25 Model 80 Stepping 0, AuthenticAMD
TMP=C:\Users\jaywa\AppData\Local\Temp
TEMP=C:\Users\jaywa\AppData\Local\Temp




Periodic native trim disabled

---------------  S Y S T E M  ---------------

OS:
 Windows 11 , 64 bit Build 26100 (10.0.26100.4202)
OS uptime: 1 days 23:06 hours
Hyper-V role detected

CPU: total 12 (initial active 12) (12 cores per cpu, 2 threads per core) family 25 model 80 stepping 0 microcode 0xa500011, cx8, cmov, fxsr, ht, mmx, 3dnowpref, sse, sse2, sse3, ssse3, sse4a, sse4.1, sse4.2, popcnt, lzcnt, tsc, tscinvbit, avx, avx2, aes, erms, clmul, bmi1, bmi2, adx, sha, fma, vzeroupper, clflush, clflushopt, hv, rdtscp, rdpid, fsrm, f16c, cet_ss
Processor Information for the first 12 processors :
  Max Mhz: 3301, Current Mhz: 3301, Mhz Limit: 3301

Memory: 4k page, system-wide physical 7521M (500M free)
TotalPageFile size 31073M (AvailPageFile size 175M)
current process WorkingSet (physical memory assigned to process): 179M, peak: 192M
current process commit charge ("private bytes"): 295M, peak: 312M

vm_info: OpenJDK 64-Bit Server VM (21.0.7+6-LTS) for windows-amd64 JRE (21.0.7+6-LTS), built on 2025-04-15T00:00:00Z by "admin" with MS VC++ 17.7 (VS2022)

END.
